app/build/intermediates/manifest_merge_blame_file/debug/processDebugMainManifest/manifest-merger-blame-debug-report.txt
1<?xml version="1.0" encoding="utf-8"?>
2<manifest xmlns:android="http://schemas.android.com/apk/res/android"
3    package="com.myAgeEducation.cbseClass5"
4    android:versionCode="33"
5    android:versionName="3.3" >
6
7    <uses-sdk
7-->INJECTED
8        android:minSdkVersion="26"
8-->INJECTED
9        android:targetSdkVersion="37" />
9-->INJECTED
10
11    <uses-permission android:name="android.permission.INTERNET" />
11-->src\main\AndroidManifest.xml:5:5-67
11-->src\main\AndroidManifest.xml:5:22-64
12    <uses-permission android:name="android.permission.ACCESS_WIFI_STATE" />
12-->src\main\AndroidManifest.xml:6:5-76
12-->src\main\AndroidManifest.xml:6:22-73
13    <uses-permission android:name="android.permission.ACCESS_NETWORK_STATE" />
13-->src\main\AndroidManifest.xml:7:5-79
13-->src\main\AndroidManifest.xml:7:22-76
14    <uses-permission android:name="com.google.android.gms.permission.AD_ID" />
14-->[com.google.android.gms:play-services-ads-api:25.4.0] AndroidManifest.xml:26:5-79
14-->[com.google.android.gms:play-services-ads-api:25.4.0] AndroidManifest.xml:26:22-76
15    <uses-permission android:name="android.permission.ACCESS_ADSERVICES_AD_ID" />
15-->[com.google.android.gms:play-services-ads-api:25.4.0] AndroidManifest.xml:27:5-82
15-->[com.google.android.gms:play-services-ads-api:25.4.0] AndroidManifest.xml:27:22-79
16    <uses-permission android:name="android.permission.ACCESS_ADSERVICES_ATTRIBUTION" />
16-->[com.google.android.gms:play-services-ads-api:25.4.0] AndroidManifest.xml:28:5-88
16-->[com.google.android.gms:play-services-ads-api:25.4.0] AndroidManifest.xml:28:22-85
17    <uses-permission android:name="android.permission.ACCESS_ADSERVICES_TOPICS" /> <!-- Android package visibility setting -->
17-->[com.google.android.gms:play-services-ads-api:25.4.0] AndroidManifest.xml:29:5-83
17-->[com.google.android.gms:play-services-ads-api:25.4.0] AndroidManifest.xml:29:22-80
18    <queries>
18-->[com.google.android.gms:play-services-ads-api:25.4.0] AndroidManifest.xml:35:5-68:15
19
20        <!-- For browser content -->
21        <intent>
21-->[com.google.android.gms:play-services-ads-api:25.4.0] AndroidManifest.xml:38:9-44:18
22            <action android:name="android.intent.action.VIEW" />
22-->[com.google.firebase:firebase-auth:24.1.0] AndroidManifest.xml:36:17-69
22-->[com.google.firebase:firebase-auth:24.1.0] AndroidManifest.xml:36:25-66
23
24            <category android:name="android.intent.category.BROWSABLE" />
24-->[com.google.firebase:firebase-auth:24.1.0] AndroidManifest.xml:39:17-78
24-->[com.google.firebase:firebase-auth:24.1.0] AndroidManifest.xml:39:27-75
25
26            <data android:scheme="https" />
26-->[com.google.firebase:firebase-auth:24.1.0] AndroidManifest.xml:41:17-44:51
26-->[com.google.firebase:firebase-auth:24.1.0] AndroidManifest.xml:44:21-48
27        </intent>
28        <!-- End of browser content -->
29        <!-- For CustomTabsService -->
30        <intent>
30-->[com.google.android.gms:play-services-ads-api:25.4.0] AndroidManifest.xml:47:9-49:18
31            <action android:name="android.support.customtabs.action.CustomTabsService" />
31-->[com.google.android.gms:play-services-ads-api:25.4.0] AndroidManifest.xml:48:13-90
31-->[com.google.android.gms:play-services-ads-api:25.4.0] AndroidManifest.xml:48:21-87
32        </intent>
33        <!-- End of CustomTabsService -->
34        <!-- For MRAID capabilities -->
35        <intent>
35-->[com.google.android.gms:play-services-ads-api:25.4.0] AndroidManifest.xml:52:9-56:18
36            <action android:name="android.intent.action.INSERT" />
36-->[com.google.android.gms:play-services-ads-api:25.4.0] AndroidManifest.xml:53:13-67
36-->[com.google.android.gms:play-services-ads-api:25.4.0] AndroidManifest.xml:53:21-64
37
38            <data android:mimeType="vnd.android.cursor.dir/event" />
38-->[com.google.firebase:firebase-auth:24.1.0] AndroidManifest.xml:41:17-44:51
39        </intent>
40        <intent>
40-->[com.google.android.gms:play-services-ads-api:25.4.0] AndroidManifest.xml:57:9-61:18
41            <action android:name="android.intent.action.VIEW" />
41-->[com.google.firebase:firebase-auth:24.1.0] AndroidManifest.xml:36:17-69
41-->[com.google.firebase:firebase-auth:24.1.0] AndroidManifest.xml:36:25-66
42
43            <data android:scheme="sms" />
43-->[com.google.firebase:firebase-auth:24.1.0] AndroidManifest.xml:41:17-44:51
43-->[com.google.firebase:firebase-auth:24.1.0] AndroidManifest.xml:44:21-48
44        </intent>
45        <intent>
45-->[com.google.android.gms:play-services-ads-api:25.4.0] AndroidManifest.xml:62:9-66:18
46            <action android:name="android.intent.action.DIAL" />
46-->[com.google.android.gms:play-services-ads-api:25.4.0] AndroidManifest.xml:63:13-65
46-->[com.google.android.gms:play-services-ads-api:25.4.0] AndroidManifest.xml:63:21-62
47
48            <data android:path="tel:" />
48-->[com.google.firebase:firebase-auth:24.1.0] AndroidManifest.xml:41:17-44:51
48-->[com.google.firebase:firebase-auth:24.1.0] AndroidManifest.xml:43:21-37
49        </intent>
50        <!-- End of MRAID capabilities -->
51        <package android:name="com.android.vending" />
51-->[com.google.android.play:hsdp:2.0.1] AndroidManifest.xml:8:9-55
51-->[com.google.android.play:hsdp:2.0.1] AndroidManifest.xml:8:18-52
52    </queries>
53
54    <uses-permission android:name="com.google.android.providers.gsf.permission.READ_GSERVICES" />
54-->[com.google.android.recaptcha:recaptcha:18.6.1] AndroidManifest.xml:9:5-98
54-->[com.google.android.recaptcha:recaptcha:18.6.1] AndroidManifest.xml:9:22-95
55    <uses-permission android:name="android.permission.WAKE_LOCK" />
55-->[com.google.android.gms:play-services-measurement-sdk-api:20.1.2] AndroidManifest.xml:25:5-68
55-->[com.google.android.gms:play-services-measurement-sdk-api:20.1.2] AndroidManifest.xml:25:22-65
56    <uses-permission android:name="android.permission.FOREGROUND_SERVICE" />
56-->[androidx.work:work-runtime:2.7.0] AndroidManifest.xml:28:5-77
56-->[androidx.work:work-runtime:2.7.0] AndroidManifest.xml:28:22-74
57
58    <permission
58-->[androidx.core:core:1.10.1] AndroidManifest.xml:22:5-24:47
59        android:name="com.myAgeEducation.cbseClass5.DYNAMIC_RECEIVER_NOT_EXPORTED_PERMISSION"
59-->[androidx.core:core:1.10.1] AndroidManifest.xml:23:9-81
60        android:protectionLevel="signature" />
60-->[androidx.core:core:1.10.1] AndroidManifest.xml:24:9-44
61
62    <uses-permission android:name="com.myAgeEducation.cbseClass5.DYNAMIC_RECEIVER_NOT_EXPORTED_PERMISSION" />
62-->[androidx.core:core:1.10.1] AndroidManifest.xml:26:5-97
62-->[androidx.core:core:1.10.1] AndroidManifest.xml:26:22-94
63
64    <application
64-->src\main\AndroidManifest.xml:9:5-161:19
65        android:name="com.myAgeEducation.cbseClass5.CbseApplication"
65-->src\main\AndroidManifest.xml:10:9-40
66        android:allowBackup="true"
66-->[:cbsecommon_aar-release] AndroidManifest.xml:14:9-35
67        android:appComponentFactory="androidx.core.app.CoreComponentFactory"
67-->[androidx.core:core:1.10.1] AndroidManifest.xml:28:18-86
68        android:debuggable="true"
69        android:extractNativeLibs="false"
69-->INJECTED
70        android:icon="@drawable/ic_launcher"
70-->src\main\AndroidManifest.xml:11:9-45
71        android:label="@string/app_name"
71-->src\main\AndroidManifest.xml:12:9-41
72        android:supportsRtl="true"
72-->[:cbsecommon_aar-release] AndroidManifest.xml:16:9-35
73        android:testOnly="true"
74        android:theme="@style/AppTheme" >
74-->src\main\AndroidManifest.xml:13:9-40
75        <meta-data
75-->src\main\AndroidManifest.xml:15:9-17:69
76            android:name="com.google.android.gms.ads.APPLICATION_ID"
76-->src\main\AndroidManifest.xml:16:13-69
77            android:value="ca-app-pub-4837855590190532~7287680206" />
77-->src\main\AndroidManifest.xml:17:13-67
78
79        <activity
79-->src\main\AndroidManifest.xml:19:9-24:20
80            android:name="com.myAgeEducation.cbseClass5.QuestionPage"
80-->src\main\AndroidManifest.xml:20:13-41
81            android:label="Test"
81-->src\main\AndroidManifest.xml:21:13-33
82            android:screenOrientation="portrait"
82-->src\main\AndroidManifest.xml:22:13-49
83            android:theme="@android:style/Theme.Light.NoTitleBar.Fullscreen" >
83-->src\main\AndroidManifest.xml:23:13-77
84        </activity>
85        <activity
85-->src\main\AndroidManifest.xml:25:9-29:20
86            android:name="com.myAgeEducation.cbseClass5.SupportiveTextLargeView"
86-->src\main\AndroidManifest.xml:26:13-52
87            android:screenOrientation="portrait"
87-->src\main\AndroidManifest.xml:27:13-49
88            android:theme="@android:style/Theme.Light.NoTitleBar.Fullscreen" >
88-->src\main\AndroidManifest.xml:28:13-77
89        </activity>
90        <activity
90-->src\main\AndroidManifest.xml:30:9-34:20
91            android:name="com.myAgeEducation.cbseClass5.MainActivity"
91-->src\main\AndroidManifest.xml:31:13-41
92            android:label="@string/title_activity_main"
92-->src\main\AndroidManifest.xml:32:13-56
93            android:screenOrientation="portrait" >
93-->src\main\AndroidManifest.xml:33:13-49
94        </activity>
95        <activity
95-->src\main\AndroidManifest.xml:35:9-40:20
96            android:name="com.myAgeEducation.cbseClass5.LoginSignupActivity"
96-->src\main\AndroidManifest.xml:36:13-48
97            android:label="Login Signup"
97-->src\main\AndroidManifest.xml:37:13-41
98            android:screenOrientation="portrait"
98-->src\main\AndroidManifest.xml:38:13-49
99            android:windowSoftInputMode="stateVisible|adjustPan" >
99-->src\main\AndroidManifest.xml:39:13-65
100        </activity>
101        <activity
101-->src\main\AndroidManifest.xml:42:9-52:20
102            android:name="com.myAgeEducation.cbseClass5.SubjectList"
102-->src\main\AndroidManifest.xml:43:13-40
103            android:exported="true"
103-->src\main\AndroidManifest.xml:44:13-36
104            android:label="@string/title_activity_main"
104-->src\main\AndroidManifest.xml:45:13-58
105            android:screenOrientation="portrait" >
105-->src\main\AndroidManifest.xml:46:13-49
106            <intent-filter>
106-->src\main\AndroidManifest.xml:47:13-50:29
107                <action android:name="android.intent.action.MAIN" />
107-->src\main\AndroidManifest.xml:48:17-69
107-->src\main\AndroidManifest.xml:48:25-66
108
109                <category android:name="android.intent.category.LAUNCHER" />
109-->src\main\AndroidManifest.xml:49:17-77
109-->src\main\AndroidManifest.xml:49:27-74
110            </intent-filter>
111            <!-- <action android:name="android.intent.action.VIEW" /> -->
112        </activity>
113        <activity
113-->src\main\AndroidManifest.xml:54:9-58:20
114            android:name="com.myAgeEducation.cbseClass5.Chapters"
114-->src\main\AndroidManifest.xml:55:13-37
115            android:screenOrientation="portrait"
115-->src\main\AndroidManifest.xml:56:13-49
116            android:theme="@android:style/Theme.Light.NoTitleBar.Fullscreen" >
116-->src\main\AndroidManifest.xml:57:13-77
117        </activity>
118        <activity
118-->src\main\AndroidManifest.xml:59:9-63:20
119            android:name="com.myAgeEducation.cbseClass5.TestReport"
119-->src\main\AndroidManifest.xml:60:13-39
120            android:label="@string/title_test_report"
120-->src\main\AndroidManifest.xml:61:13-54
121            android:screenOrientation="portrait" >
121-->src\main\AndroidManifest.xml:62:13-49
122        </activity>
123        <activity
123-->src\main\AndroidManifest.xml:64:9-67:20
124            android:name="com.myAgeEducation.cbseClass5.ScoreHistory"
124-->src\main\AndroidManifest.xml:65:13-41
125            android:screenOrientation="portrait" >
125-->src\main\AndroidManifest.xml:66:13-49
126        </activity>
127        <activity
127-->src\main\AndroidManifest.xml:68:9-72:20
128            android:name="com.myAgeEducation.cbseClass5.Settings"
128-->src\main\AndroidManifest.xml:69:13-37
129            android:label="@string/title_settings"
129-->src\main\AndroidManifest.xml:70:13-51
130            android:screenOrientation="portrait" >
130-->src\main\AndroidManifest.xml:71:13-49
131        </activity>
132        <activity
132-->src\main\AndroidManifest.xml:73:9-77:20
133            android:name="com.myAgeEducation.cbseClass5.SettingsActivity"
133-->src\main\AndroidManifest.xml:74:13-45
134            android:label="@string/title_settings"
134-->src\main\AndroidManifest.xml:75:13-51
135            android:screenOrientation="portrait" >
135-->src\main\AndroidManifest.xml:76:13-49
136        </activity>
137        <activity
137-->src\main\AndroidManifest.xml:78:9-82:20
138            android:name="com.myAgeEducation.cbseClass5.PointSettings"
138-->src\main\AndroidManifest.xml:79:13-42
139            android:label="Points Settings"
139-->src\main\AndroidManifest.xml:80:13-44
140            android:screenOrientation="portrait" >
140-->src\main\AndroidManifest.xml:81:13-49
141        </activity>
142        <activity
142-->src\main\AndroidManifest.xml:83:9-87:20
143            android:name="com.myAgeEducation.cbseClass5.RewardsTable"
143-->src\main\AndroidManifest.xml:84:13-41
144            android:label="Rewards"
144-->src\main\AndroidManifest.xml:85:13-36
145            android:screenOrientation="portrait" >
145-->src\main\AndroidManifest.xml:86:13-49
146        </activity>
147        <activity
147-->src\main\AndroidManifest.xml:88:9-92:20
148            android:name="com.myAgeEducation.cbseClass5.PointsTable"
148-->src\main\AndroidManifest.xml:89:13-40
149            android:label="Points Table"
149-->src\main\AndroidManifest.xml:90:13-41
150            android:screenOrientation="portrait" >
150-->src\main\AndroidManifest.xml:91:13-49
151        </activity>
152        <activity
152-->src\main\AndroidManifest.xml:93:9-97:20
153            android:name="com.myAgeEducation.cbseClass5.StartMode"
153-->src\main\AndroidManifest.xml:94:13-38
154            android:label="Start Mode"
154-->src\main\AndroidManifest.xml:95:13-39
155            android:screenOrientation="portrait" >
155-->src\main\AndroidManifest.xml:96:13-49
156        </activity>
157        <activity
157-->src\main\AndroidManifest.xml:99:9-103:20
158            android:name="com.myAgeEducation.cbseClass5.GetMore"
158-->src\main\AndroidManifest.xml:100:13-36
159            android:screenOrientation="portrait"
159-->src\main\AndroidManifest.xml:102:13-49
160            android:theme="@android:style/Theme.Light.NoTitleBar.Fullscreen" >
160-->src\main\AndroidManifest.xml:101:13-77
161        </activity>
162        <activity
162-->src\main\AndroidManifest.xml:105:9-109:20
163            android:name="com.myAgeEducation.cbseClass5.ContestFirstPage"
163-->src\main\AndroidManifest.xml:106:13-45
164            android:label="Contest of the Month"
164-->src\main\AndroidManifest.xml:107:13-49
165            android:screenOrientation="portrait" >
165-->src\main\AndroidManifest.xml:108:13-49
166        </activity>
167        <activity
167-->src\main\AndroidManifest.xml:110:9-114:20
168            android:name="com.myAgeEducation.cbseClass5.ContestSubjectList"
168-->src\main\AndroidManifest.xml:111:13-47
169            android:label="Subject List"
169-->src\main\AndroidManifest.xml:112:13-41
170            android:screenOrientation="portrait" >
170-->src\main\AndroidManifest.xml:113:13-49
171        </activity>
172        <activity
172-->src\main\AndroidManifest.xml:116:9-120:20
173            android:name="com.myAgeEducation.cbseClass5.Registration"
173-->src\main\AndroidManifest.xml:117:13-41
174            android:label="Contest Registration Form"
174-->src\main\AndroidManifest.xml:118:13-54
175            android:screenOrientation="portrait" >
175-->src\main\AndroidManifest.xml:119:13-49
176        </activity>
177        <activity
177-->src\main\AndroidManifest.xml:122:9-126:20
178            android:name="com.myAgeEducation.cbseClass5.ContestRules"
178-->src\main\AndroidManifest.xml:123:13-41
179            android:label="Contest Rules"
179-->src\main\AndroidManifest.xml:124:13-42
180            android:screenOrientation="portrait" >
180-->src\main\AndroidManifest.xml:125:13-49
181        </activity>
182        <activity
182-->src\main\AndroidManifest.xml:128:9-132:20
183            android:name="com.myAgeEducation.cbseClass5.PrizeList"
183-->src\main\AndroidManifest.xml:129:13-38
184            android:label="Prize list"
184-->src\main\AndroidManifest.xml:130:13-39
185            android:screenOrientation="portrait" >
185-->src\main\AndroidManifest.xml:131:13-49
186        </activity>
187        <activity
187-->src\main\AndroidManifest.xml:134:9-138:20
188            android:name="com.myAgeEducation.cbseClass5.ContestChapters"
188-->src\main\AndroidManifest.xml:135:13-44
189            android:label="Test Info"
189-->src\main\AndroidManifest.xml:136:13-38
190            android:screenOrientation="portrait" >
190-->src\main\AndroidManifest.xml:137:13-49
191        </activity>
192        <activity
192-->src\main\AndroidManifest.xml:140:9-144:20
193            android:name="com.myAgeEducation.cbseClass5.WinnerList"
193-->src\main\AndroidManifest.xml:141:13-39
194            android:label="Winner List"
194-->src\main\AndroidManifest.xml:142:13-40
195            android:screenOrientation="portrait" >
195-->src\main\AndroidManifest.xml:143:13-49
196        </activity>
197        <activity
197-->src\main\AndroidManifest.xml:146:9-150:20
198            android:name="com.myAgeEducation.cbseClass5.NewUpdateRegistration"
198-->src\main\AndroidManifest.xml:147:13-50
199            android:label="New/Update Registration"
199-->src\main\AndroidManifest.xml:148:13-52
200            android:screenOrientation="portrait" >
200-->src\main\AndroidManifest.xml:149:13-49
201        </activity>
202        <activity
202-->src\main\AndroidManifest.xml:152:9-156:20
203            android:name="com.myAgeEducation.cbseClass5.UpdateRegistration"
203-->src\main\AndroidManifest.xml:153:13-47
204            android:label="Registration Update Form"
204-->src\main\AndroidManifest.xml:154:13-53
205            android:screenOrientation="portrait" >
205-->src\main\AndroidManifest.xml:155:13-49
206        </activity>
207        <activity
207-->src\main\AndroidManifest.xml:158:9-160:57
208            android:name="com.myAgeEducation.cbseClass5.HcfCalculatorActivity"
208-->src\main\AndroidManifest.xml:158:19-56
209            android:label="LCM/HCF Calculator"
209-->src\main\AndroidManifest.xml:159:19-53
210            android:screenOrientation="portrait" />
210-->src\main\AndroidManifest.xml:160:19-55
211
212        <service
212-->[com.google.firebase:firebase-database:22.0.1] AndroidManifest.xml:26:9-35:19
213            android:name="com.google.firebase.components.ComponentDiscoveryService"
213-->[com.google.firebase:firebase-database:22.0.1] AndroidManifest.xml:27:13-84
214            android:directBootAware="true"
214-->[com.google.firebase:firebase-common:22.0.1] AndroidManifest.xml:32:13-43
215            android:exported="false" >
215-->[com.google.firebase:firebase-database:22.0.1] AndroidManifest.xml:28:13-37
216            <meta-data
216-->[com.google.firebase:firebase-database:22.0.1] AndroidManifest.xml:29:13-31:85
217                android:name="com.google.firebase.components:com.google.firebase.database.FirebaseDatabaseKtxRegistrar"
217-->[com.google.firebase:firebase-database:22.0.1] AndroidManifest.xml:30:17-120
218                android:value="com.google.firebase.components.ComponentRegistrar" />
218-->[com.google.firebase:firebase-database:22.0.1] AndroidManifest.xml:31:17-82
219            <meta-data
219-->[com.google.firebase:firebase-database:22.0.1] AndroidManifest.xml:32:13-34:85
220                android:name="com.google.firebase.components:com.google.firebase.database.DatabaseRegistrar"
220-->[com.google.firebase:firebase-database:22.0.1] AndroidManifest.xml:33:17-109
221                android:value="com.google.firebase.components.ComponentRegistrar" />
221-->[com.google.firebase:firebase-database:22.0.1] AndroidManifest.xml:34:17-82
222            <meta-data
222-->[com.google.firebase:firebase-auth:24.1.0] AndroidManifest.xml:69:13-71:85
223                android:name="com.google.firebase.components:com.google.firebase.auth.FirebaseAuthRegistrar"
223-->[com.google.firebase:firebase-auth:24.1.0] AndroidManifest.xml:70:17-109
224                android:value="com.google.firebase.components.ComponentRegistrar" />
224-->[com.google.firebase:firebase-auth:24.1.0] AndroidManifest.xml:71:17-82
225            <meta-data
225-->[com.google.firebase:firebase-common:22.0.1] AndroidManifest.xml:35:13-37:85
226                android:name="com.google.firebase.components:com.google.firebase.FirebaseCommonKtxRegistrar"
226-->[com.google.firebase:firebase-common:22.0.1] AndroidManifest.xml:36:17-109
227                android:value="com.google.firebase.components.ComponentRegistrar" />
227-->[com.google.firebase:firebase-common:22.0.1] AndroidManifest.xml:37:17-82
228        </service>
229
230        <activity
230-->[com.google.firebase:firebase-auth:24.1.0] AndroidManifest.xml:29:9-46:20
231            android:name="com.google.firebase.auth.internal.GenericIdpActivity"
231-->[com.google.firebase:firebase-auth:24.1.0] AndroidManifest.xml:30:13-80
232            android:excludeFromRecents="true"
232-->[com.google.firebase:firebase-auth:24.1.0] AndroidManifest.xml:31:13-46
233            android:exported="true"
233-->[com.google.firebase:firebase-auth:24.1.0] AndroidManifest.xml:32:13-36
234            android:launchMode="singleTask"
234-->[com.google.firebase:firebase-auth:24.1.0] AndroidManifest.xml:33:13-44
235            android:theme="@android:style/Theme.Translucent.NoTitleBar" >
235-->[com.google.firebase:firebase-auth:24.1.0] AndroidManifest.xml:34:13-72
236            <intent-filter>
236-->[com.google.firebase:firebase-auth:24.1.0] AndroidManifest.xml:35:13-45:29
237                <action android:name="android.intent.action.VIEW" />
237-->[com.google.firebase:firebase-auth:24.1.0] AndroidManifest.xml:36:17-69
237-->[com.google.firebase:firebase-auth:24.1.0] AndroidManifest.xml:36:25-66
238
239                <category android:name="android.intent.category.DEFAULT" />
239-->[com.google.firebase:firebase-auth:24.1.0] AndroidManifest.xml:38:17-76
239-->[com.google.firebase:firebase-auth:24.1.0] AndroidManifest.xml:38:27-73
240                <category android:name="android.intent.category.BROWSABLE" />
240-->[com.google.firebase:firebase-auth:24.1.0] AndroidManifest.xml:39:17-78
240-->[com.google.firebase:firebase-auth:24.1.0] AndroidManifest.xml:39:27-75
241
242                <data
242-->[com.google.firebase:firebase-auth:24.1.0] AndroidManifest.xml:41:17-44:51
243                    android:host="firebase.auth"
243-->[com.google.firebase:firebase-auth:24.1.0] AndroidManifest.xml:42:21-49
244                    android:path="/"
244-->[com.google.firebase:firebase-auth:24.1.0] AndroidManifest.xml:43:21-37
245                    android:scheme="genericidp" />
245-->[com.google.firebase:firebase-auth:24.1.0] AndroidManifest.xml:44:21-48
246            </intent-filter>
247        </activity>
248        <activity
248-->[com.google.firebase:firebase-auth:24.1.0] AndroidManifest.xml:47:9-64:20
249            android:name="com.google.firebase.auth.internal.RecaptchaActivity"
249-->[com.google.firebase:firebase-auth:24.1.0] AndroidManifest.xml:48:13-79
250            android:excludeFromRecents="true"
250-->[com.google.firebase:firebase-auth:24.1.0] AndroidManifest.xml:49:13-46
251            android:exported="true"
251-->[com.google.firebase:firebase-auth:24.1.0] AndroidManifest.xml:50:13-36
252            android:launchMode="singleTask"
252-->[com.google.firebase:firebase-auth:24.1.0] AndroidManifest.xml:51:13-44
253            android:theme="@android:style/Theme.Translucent.NoTitleBar" >
253-->[com.google.firebase:firebase-auth:24.1.0] AndroidManifest.xml:52:13-72
254            <intent-filter>
254-->[com.google.firebase:firebase-auth:24.1.0] AndroidManifest.xml:53:13-63:29
255                <action android:name="android.intent.action.VIEW" />
255-->[com.google.firebase:firebase-auth:24.1.0] AndroidManifest.xml:36:17-69
255-->[com.google.firebase:firebase-auth:24.1.0] AndroidManifest.xml:36:25-66
256
257                <category android:name="android.intent.category.DEFAULT" />
257-->[com.google.firebase:firebase-auth:24.1.0] AndroidManifest.xml:38:17-76
257-->[com.google.firebase:firebase-auth:24.1.0] AndroidManifest.xml:38:27-73
258                <category android:name="android.intent.category.BROWSABLE" />
258-->[com.google.firebase:firebase-auth:24.1.0] AndroidManifest.xml:39:17-78
258-->[com.google.firebase:firebase-auth:24.1.0] AndroidManifest.xml:39:27-75
259
260                <data
260-->[com.google.firebase:firebase-auth:24.1.0] AndroidManifest.xml:41:17-44:51
261                    android:host="firebase.auth"
261-->[com.google.firebase:firebase-auth:24.1.0] AndroidManifest.xml:42:21-49
262                    android:path="/"
262-->[com.google.firebase:firebase-auth:24.1.0] AndroidManifest.xml:43:21-37
263                    android:scheme="recaptcha" />
263-->[com.google.firebase:firebase-auth:24.1.0] AndroidManifest.xml:44:21-48
264            </intent-filter>
265        </activity>
266
267        <uses-library
267-->[androidx.privacysandbox.ads:ads-adservices:1.0.0-beta05] AndroidManifest.xml:23:9-25:40
268            android:name="android.ext.adservices"
268-->[androidx.privacysandbox.ads:ads-adservices:1.0.0-beta05] AndroidManifest.xml:24:13-50
269            android:required="false" /> <!-- Include the AdActivity and InAppPurchaseActivity configChanges and themes. -->
269-->[androidx.privacysandbox.ads:ads-adservices:1.0.0-beta05] AndroidManifest.xml:25:13-37
270        <activity
270-->[com.google.android.gms:play-services-ads-api:25.4.0] AndroidManifest.xml:73:9-79:43
271            android:name="com.google.android.gms.ads.AdActivity"
271-->[com.google.android.gms:play-services-ads-api:25.4.0] AndroidManifest.xml:74:13-65
272            android:configChanges="keyboard|keyboardHidden|orientation|screenLayout|uiMode|screenSize|smallestScreenSize"
272-->[com.google.android.gms:play-services-ads-api:25.4.0] AndroidManifest.xml:75:13-122
273            android:enableOnBackInvokedCallback="false"
273-->[com.google.android.gms:play-services-ads-api:25.4.0] AndroidManifest.xml:76:13-56
274            android:exported="false"
274-->[com.google.android.gms:play-services-ads-api:25.4.0] AndroidManifest.xml:77:13-37
275            android:theme="@android:style/Theme.Translucent" />
275-->[com.google.android.gms:play-services-ads-api:25.4.0] AndroidManifest.xml:78:13-61
276
277        <provider
277-->[com.google.android.gms:play-services-ads-api:25.4.0] AndroidManifest.xml:81:9-86:43
278            android:name="com.google.android.gms.ads.MobileAdsInitProvider"
278-->[com.google.android.gms:play-services-ads-api:25.4.0] AndroidManifest.xml:82:13-76
279            android:authorities="com.myAgeEducation.cbseClass5.mobileadsinitprovider"
279-->[com.google.android.gms:play-services-ads-api:25.4.0] AndroidManifest.xml:83:13-73
280            android:exported="false"
280-->[com.google.android.gms:play-services-ads-api:25.4.0] AndroidManifest.xml:84:13-37
281            android:initOrder="100" />
281-->[com.google.android.gms:play-services-ads-api:25.4.0] AndroidManifest.xml:85:13-36
282
283        <service
283-->[com.google.android.gms:play-services-ads-api:25.4.0] AndroidManifest.xml:88:9-92:43
284            android:name="com.google.android.gms.ads.AdService"
284-->[com.google.android.gms:play-services-ads-api:25.4.0] AndroidManifest.xml:89:13-64
285            android:enabled="true"
285-->[com.google.android.gms:play-services-ads-api:25.4.0] AndroidManifest.xml:90:13-35
286            android:exported="false" />
286-->[com.google.android.gms:play-services-ads-api:25.4.0] AndroidManifest.xml:91:13-37
287
288        <activity
288-->[com.google.android.gms:play-services-ads-api:25.4.0] AndroidManifest.xml:94:9-98:43
289            android:name="com.google.android.gms.ads.OutOfContextTestingActivity"
289-->[com.google.android.gms:play-services-ads-api:25.4.0] AndroidManifest.xml:95:13-82
290            android:configChanges="keyboard|keyboardHidden|orientation|screenLayout|uiMode|screenSize|smallestScreenSize"
290-->[com.google.android.gms:play-services-ads-api:25.4.0] AndroidManifest.xml:96:13-122
291            android:exported="false" />
291-->[com.google.android.gms:play-services-ads-api:25.4.0] AndroidManifest.xml:97:13-37
292        <activity
292-->[com.google.android.gms:play-services-ads-api:25.4.0] AndroidManifest.xml:99:9-106:43
293            android:name="com.google.android.gms.ads.NotificationHandlerActivity"
293-->[com.google.android.gms:play-services-ads-api:25.4.0] AndroidManifest.xml:100:13-82
294            android:excludeFromRecents="true"
294-->[com.google.android.gms:play-services-ads-api:25.4.0] AndroidManifest.xml:101:13-46
295            android:exported="false"
295-->[com.google.android.gms:play-services-ads-api:25.4.0] AndroidManifest.xml:102:13-37
296            android:launchMode="singleTask"
296-->[com.google.android.gms:play-services-ads-api:25.4.0] AndroidManifest.xml:103:13-44
297            android:taskAffinity=""
297-->[com.google.android.gms:play-services-ads-api:25.4.0] AndroidManifest.xml:104:13-36
298            android:theme="@android:style/Theme.Translucent.NoTitleBar" />
298-->[com.google.android.gms:play-services-ads-api:25.4.0] AndroidManifest.xml:105:13-72
299
300        <meta-data
300-->[com.google.android.gms:play-services-ads-api:25.4.0] AndroidManifest.xml:108:9-110:36
301            android:name="com.google.android.gms.ads.flag.OPTIMIZE_AD_LOADING"
301-->[com.google.android.gms:play-services-ads-api:25.4.0] AndroidManifest.xml:109:13-79